2021-11-12T20:22:08+00:00 CRITICAL Uncaught ArgumentCountError: 3 arguments are required, 2 given in E:\xampp\htdocs\Wunderman\wp-admin\includes\class-bulk-upgrader-skin.php:152
Stack trace:
#0 E:\xampp\htdocs\Wunderman\wp-admin\includes\class-bulk-upgrader-skin.php(152): sprintf('%1$s installed ...', 'Contact Form 7')
#1 E:\xampp\htdocs\Wunderman\wp-content\themes\ecommerce-plus\inc\tgm-plugin\class-tgm-plugin-activation.php(3553): Bulk_Upgrader_Skin->after('Contact Form 7')
#2 E:\xampp\htdocs\Wunderman\wp-admin\includes\class-wp-upgrader.php(823): TGMPA_Bulk_Installer_Skin->after()
#3 E:\xampp\htdocs\Wunderman\wp-content\themes\ecommerce-plus\inc\tgm-plugin\class-tgm-plugin-activation.php(3173): WP_Upgrader->run(Array)
#4 E:\xampp\htdocs\Wunderman\wp-content\themes\ecommerce-plus\inc\tgm-plugin\class-tgm-plugin-activation.php(3286): TGMPA_Bulk_Installer->run(Array)
#5 E:\xampp\htdocs\Wunderman\wp-content\themes\ecommerce-plus\inc\tgm-plugin\class-tgm-plugin-activation.php(2892): TGMPA_Bulk_Installer->bulk_install(Array)
#6 E:\xampp\htdocs\Wunderman\wp-content\themes\ecommerce-plus\inc\tgm-plugin\class-tgm-plugin-activation.php(658): TGMPA_List_Table->process_bulk_actions()
#7 E:\xampp\htdocs\Wunderman\wp-includes\class-wp-hook.php(303): TGM_Plugin_Activation->install_plugins_page('')
#8 E:\xampp\htdocs\Wunderman\wp-includes\class-wp-hook.php(327): WP_Hook->apply_filters('', Array)
#9 E:\xampp\htdocs\Wunderman\wp-includes\plugin.php(470): WP_Hook->do_action(Array)
#10 E:\xampp\htdocs\Wunderman\wp-admin\admin.php(259): do_action('appearance_page...')
#11 E:\xampp\htdocs\Wunderman\wp-admin\themes.php(10): require_once('E:\\xampp\\htdocs...')
#12 {main}
  thrown en E:\xampp\htdocs\Wunderman\wp-admin\includes\class-bulk-upgrader-skin.php en la línea 152

2021-11-12T20:22:39+00:00 CRITICAL Uncaught ArgumentCountError: 3 arguments are required, 2 given in E:\xampp\htdocs\Wunderman\wp-admin\includes\class-bulk-upgrader-skin.php:152
Stack trace:
#0 E:\xampp\htdocs\Wunderman\wp-admin\includes\class-bulk-upgrader-skin.php(152): sprintf('%1$s installed ...', 'Product Compare')
#1 E:\xampp\htdocs\Wunderman\wp-content\themes\ecommerce-plus\inc\tgm-plugin\class-tgm-plugin-activation.php(3553): Bulk_Upgrader_Skin->after('Product Compare')
#2 E:\xampp\htdocs\Wunderman\wp-admin\includes\class-wp-upgrader.php(823): TGMPA_Bulk_Installer_Skin->after()
#3 E:\xampp\htdocs\Wunderman\wp-content\themes\ecommerce-plus\inc\tgm-plugin\class-tgm-plugin-activation.php(3173): WP_Upgrader->run(Array)
#4 E:\xampp\htdocs\Wunderman\wp-content\themes\ecommerce-plus\inc\tgm-plugin\class-tgm-plugin-activation.php(3286): TGMPA_Bulk_Installer->run(Array)
#5 E:\xampp\htdocs\Wunderman\wp-content\themes\ecommerce-plus\inc\tgm-plugin\class-tgm-plugin-activation.php(2892): TGMPA_Bulk_Installer->bulk_install(Array)
#6 E:\xampp\htdocs\Wunderman\wp-content\themes\ecommerce-plus\inc\tgm-plugin\class-tgm-plugin-activation.php(658): TGMPA_List_Table->process_bulk_actions()
#7 E:\xampp\htdocs\Wunderman\wp-includes\class-wp-hook.php(303): TGM_Plugin_Activation->install_plugins_page('')
#8 E:\xampp\htdocs\Wunderman\wp-includes\class-wp-hook.php(327): WP_Hook->apply_filters('', Array)
#9 E:\xampp\htdocs\Wunderman\wp-includes\plugin.php(470): WP_Hook->do_action(Array)
#10 E:\xampp\htdocs\Wunderman\wp-admin\admin.php(259): do_action('appearance_page...')
#11 E:\xampp\htdocs\Wunderman\wp-admin\themes.php(10): require_once('E:\\xampp\\htdocs...')
#12 {main}
  thrown en E:\xampp\htdocs\Wunderman\wp-admin\includes\class-bulk-upgrader-skin.php en la línea 152

